Determining if the pthread_create exist failed with the following output:
Change Dir: /home/user/catkin_testws/build/CMakeFiles/CMakeTmp

Run Build Command:"/usr/bin/make" "cmTC_fc25a/fast"
/usr/bin/make -f CMakeFiles/cmTC_fc25a.dir/build.make CMakeFiles/cmTC_fc25a.dir/build
make[1]: Entering directory '/home/user/catkin_testws/build/CMakeFiles/CMakeTmp'
Building C object CMakeFiles/cmTC_fc25a.dir/CheckSymbolExists.c.o
/usr/bin/cc     -o CMakeFiles/cmTC_fc25a.dir/CheckSymbolExists.c.o   -c /home/user/catkin_testws/build/CMakeFiles/CMakeTmp/CheckSymbolExists.c
Linking C executable cmTC_fc25a
/usr/bin/cmake -E cmake_link_script CMakeFiles/cmTC_fc25a.dir/link.txt --verbose=1
/usr/bin/cc       CMakeFiles/cmTC_fc25a.dir/CheckSymbolExists.c.o  -o cmTC_fc25a -rdynamic 
CMakeFiles/cmTC_fc25a.dir/CheckSymbolExists.c.o: In function `main':
CheckSymbolExists.c:(.text+0x16): undefined reference to `pthread_create'
collect2: error: ld returned 1 exit status
CMakeFiles/cmTC_fc25a.dir/build.make:97: recipe for target 'cmTC_fc25a' failed
make[1]: *** [cmTC_fc25a] Error 1
make[1]: Leaving directory '/home/user/catkin_testws/build/CMakeFiles/CMakeTmp'
Makefile:126: recipe for target 'cmTC_fc25a/fast' failed
make: *** [cmTC_fc25a/fast] Error 2

File /home/user/catkin_testws/build/CMakeFiles/CMakeTmp/CheckSymbolExists.c:
/* */
#include <pthread.h>

int main(int argc, char** argv)
{
  (void)argv;
#ifndef pthread_create
  return ((int*)(&pthread_create))[argc];
#else
  (void)argc;
  return 0;
#endif
}

Determining if the function pthread_create exists in the pthreads failed with the following output:
Change Dir: /home/user/catkin_testws/build/CMakeFiles/CMakeTmp

Run Build Command:"/usr/bin/make" "cmTC_ed22e/fast"
/usr/bin/make -f CMakeFiles/cmTC_ed22e.dir/build.make CMakeFiles/cmTC_ed22e.dir/build
make[1]: Entering directory '/home/user/catkin_testws/build/CMakeFiles/CMakeTmp'
Building C object CMakeFiles/cmTC_ed22e.dir/CheckFunctionExists.c.o
/usr/bin/cc    -DCHECK_FUNCTION_EXISTS=pthread_create   -o CMakeFiles/cmTC_ed22e.dir/CheckFunctionExists.c.o   -c /usr/share/cmake-3.5/Modules/CheckFunctionExists.c
Linking C executable cmTC_ed22e
/usr/bin/cmake -E cmake_link_script CMakeFiles/cmTC_ed22e.dir/link.txt --verbose=1
/usr/bin/cc   -DCHECK_FUNCTION_EXISTS=pthread_create    CMakeFiles/cmTC_ed22e.dir/CheckFunctionExists.c.o  -o cmTC_ed22e -rdynamic -lpthreads 
/usr/bin/ld: cannot find -lpthreads
collect2: error: ld returned 1 exit status
CMakeFiles/cmTC_ed22e.dir/build.make:97: recipe for target 'cmTC_ed22e' failed
make[1]: *** [cmTC_ed22e] Error 1
make[1]: Leaving directory '/home/user/catkin_testws/build/CMakeFiles/CMakeTmp'
Makefile:126: recipe for target 'cmTC_ed22e/fast' failed
make: *** [cmTC_ed22e/fast] Error 2


